<?xml version="1.0" encoding="UTF-8"?>
<!-- Generated by org.testng.reporters.JUnitXMLReporter -->
<testsuite ignored="0" hostname="DESKTOP-H0PI4DT" failures="0" tests="4" name="Test" time="0.107" errors="0" timestamp="2022-12-07T11:37:19 IST">
  <testcase classname="ddtNopCom.BaseTest" name="@BeforeTest launchApp" time="-1.670393239724E9">
    <failure type="org.testng.TestNGException" message="
Parameter &amp;apos;ibm_data&amp;apos; is required by BeforeTest on method launchApp but has not been marked @Optional or defined
in C:\Users\Act\eclipse-workspace\IBM-workspace\com.ibm.nov.batch2\testng_DDT.xml">
      <![CDATA[org.testng.TestNGException: 
Parameter 'ibm_data' is required by BeforeTest on method launchApp but has not been marked @Optional or defined
in C:\Users\Act\eclipse-workspace\IBM-workspace\com.ibm.nov.batch2\testng_DDT.xml
... Removed 25 stack frames]]>
    </failure>
  </testcase> <!-- @BeforeTest launchApp -->
  <testcase classname="ddtNopCom.BaseTest" name="@AfterTest closeApp" time="0.0">
    <skipped/>
  </testcase> <!-- @AfterTest closeApp -->
  <testcase classname="ddtNopCom.NOPCommLoginTest" name="verifyLoginWithInValidUser" time="0.0">
    <skipped/>
  </testcase> <!-- verifyLoginWithInValidUser -->
  <testcase classname="ddtNopCom.NOPCommLoginTest" name="verifyLoginWithInValidUser" time="0.0">
    <skipped/>
  </testcase> <!-- verifyLoginWithInValidUser -->
  <testcase classname="ddtNopCom.NOPCommLoginTest" name="verifyLoginWithInValidUser" time="0.0">
    <skipped/>
  </testcase> <!-- verifyLoginWithInValidUser -->
  <testcase classname="ddtNopCom.NOPCommLoginTest" name="verifyLoginWithInValidUser" time="0.0">
    <skipped/>
  </testcase> <!-- verifyLoginWithInValidUser -->
</testsuite> <!-- Test -->
