<?xml version="1.0" encoding="UTF-8"?>
<testng-results skipped="0" failed="0" total="1" passed="1">
  <reporter-output>
  </reporter-output>
  <suite name="Default suite" duration-ms="206184" started-at="2022-12-12T06:03:32Z" finished-at="2022-12-12T06:06:58Z">
    <groups>
    </groups>
    <test name="Default test" duration-ms="206184" started-at="2022-12-12T06:03:32Z" finished-at="2022-12-12T06:06:58Z">
      <class name="excelFileExample.RegisterStudentExcelTest">
        <test-method status="PASS" signature="RegistrationDataDrivernTest()[pri:0, instance:excelFileExample.RegisterStudentExcelTest@1753acfe]" name="RegistrationDataDrivernTest" duration-ms="206160" started-at="2022-12-11T22:03:32Z" finished-at="2022-12-11T22:06:58Z">
          <reporter-output>
          </reporter-output>
        </test-method> <!-- RegistrationDataDrivernTest -->
      </class> <!-- excelFileExample.RegisterStudentExcelTest -->
    </test> <!-- Default test -->
  </suite> <!-- Default suite -->
</testng-results>
